[    0.000000] Initializing cgroup subsys cpuset
[    0.000000] Initializing cgroup subsys cpu
[    0.000000] Initializing cgroup subsys cpuacct
[    0.000000] Linux version 4.4.0-187-generic (buildd@lgw01-amd64-035) (gcc version 5.4.0 20160609 (Ubuntu 5.4.0-6ubuntu1~16.04.12) ) #217-Ubuntu SMP Tue Jul 21 04:18:15 UTC 2020 (Ubuntu 4.4.0-187.217-generic 4.4.230)
[    0.000000] Command line: BOOT_IMAGE=/boot/vmlinuz-4.4.0-187-generic root=LABEL=cloudimg-rootfs ro console=tty1 console=ttyS0
[    0.000000] KERNEL supported cpus:
[    0.000000]   Intel GenuineIntel
[    0.000000]   AMD AuthenticAMD
[    0.000000]   Centaur CentaurHauls
[    0.000000] x86/fpu: xstate_offset[2]:  576, xstate_sizes[2]:  256
[    0.000000] x86/fpu: Supporting XSAVE feature 0x01: 'x87 floating point registers'
[    0.000000] x86/fpu: Supporting XSAVE feature 0x02: 'SSE registers'
[    0.000000] x86/fpu: Supporting XSAVE feature 0x04: 'AVX registers'
[    0.000000] x86/fpu: Enabled xstate features 0x7, context size is 832 bytes, using 'standard' format.
[    0.000000] e820: BIOS-provided physical RAM map:
[    0.000000] BIOS-e820: [mem 0x0000000000000000-0x000000000009fbff] usable
[    0.000000] BIOS-e820: [mem 0x000000000009fc00-0x000000000009ffff] reserved
[    0.000000] BIOS-e820: [mem 0x00000000000f0000-0x00000000000fffff] reserved
[    0.000000] BIOS-e820: [mem 0x0000000000100000-0x000000003ffeffff] usable
[    0.000000] BIOS-e820: [mem 0x000000003fff0000-0x000000003fffffff] ACPI data
[    0.000000] BIOS-e820: [mem 0x00000000fec00000-0x00000000fec00fff] reserved
[    0.000000] BIOS-e820: [mem 0x00000000fee00000-0x00000000fee00fff] reserved
[    0.000000] BIOS-e820: [mem 0x00000000fffc0000-0x00000000ffffffff] reserved
[    0.000000] NX (Execute Disable) protection: active
[    0.000000] SMBIOS 2.5 present.
[    0.000000] Hypervisor detected: KVM
[    0.000000] e820: last_pfn = 0x3fff0 max_arch_pfn = 0x400000000
[    0.000000] MTRR: Disabled
[    0.000000] x86/PAT: MTRRs disabled, skipping PAT initialization too.
[    0.000000] CPU MTRRs all blank - virtualized system.
[    0.000000] x86/PAT: Configuration [0-7]: WB  WT  UC- UC  WB  WT  UC- UC  
[    0.000000] found SMP MP-table at [mem 0x0009fff0-0x0009ffff] mapped at [ffff88000009fff0]
[    0.000000] Scanning 1 areas for low memory corruption
[    0.000000] RAMDISK: [mem 0x362e2000-0x37168fff]
[    0.000000] ACPI: Early table checksum verification disabled
[    0.000000] ACPI: RSDP 0x00000000000E0000 000024 (v02 VBOX  )
[    0.000000] ACPI: XSDT 0x000000003FFF0030 00003C (v01 VBOX   VBOXXSDT 00000001 ASL  00000061)
[    0.000000] ACPI: FACP 0x000000003FFF00F0 0000F4 (v04 VBOX   VBOXFACP 00000001 ASL  00000061)
[    0.000000] ACPI: DSDT 0x000000003FFF0470 002325 (v02 VBOX   VBOXBIOS 00000002 INTL 20190509)
[    0.000000] ACPI: FACS 0x000000003FFF0200 000040
[    0.000000] ACPI: FACS 0x000000003FFF0200 000040
[    0.000000] ACPI: APIC 0x000000003FFF0240 00005C (v02 VBOX   VBOXAPIC 00000001 ASL  00000061)
[    0.000000] ACPI: SSDT 0x000000003FFF02A0 0001CC (v01 VBOX   VBOXCPUT 00000002 INTL 20190509)
[    0.000000] No NUMA configuration found
[    0.000000] Faking a node at [mem 0x0000000000000000-0x000000003ffeffff]
[    0.000000] NODE_DATA(0) allocated [mem 0x3ffeb000-0x3ffeffff]
[    0.000000] kvm-clock: Using msrs 4b564d01 and 4b564d00
[    0.000000] kvm-clock: cpu 0, msr 0:3ffe3001, primary cpu clock
[    0.000000] kvm-clock: using sched offset of 8157056736 cycles
[    0.000000] clocksource: kvm-clock: mask: 0xffffffffffffffff max_cycles: 0x1cd42e4dffb, max_idle_ns: 881590591483 ns
[    0.000000] Zone ranges:
[    0.000000]   DMA      [mem 0x0000000000001000-0x0000000000ffffff]
[    0.000000]   DMA32    [mem 0x0000000001000000-0x000000003ffeffff]
[    0.000000]   Normal   empty
[    0.000000]   Device   empty
[    0.000000] Movable zone start for each node
[    0.000000] Early memory node ranges
[    0.000000]   node   0: [mem 0x0000000000001000-0x000000000009efff]
[    0.000000]   node   0: [mem 0x0000000000100000-0x000000003ffeffff]
[    0.000000] Initmem setup node 0 [mem 0x0000000000001000-0x000000003ffeffff]
[    0.000000] ACPI: PM-Timer IO Port: 0x4008
[    0.000000] IOAPIC[0]: apic_id 2, version 32, address 0xfec00000, GSI 0-23
[    0.000000] ACPI: INT_SRC_OVR (bus 0 bus_irq 0 global_irq 2 dfl dfl)
[    0.000000] ACPI: INT_SRC_OVR (bus 0 bus_irq 9 global_irq 9 low level)
[    0.000000] Using ACPI (MADT) for SMP configuration information
[    0.000000] smpboot: Allowing 2 CPUs, 0 hotplug CPUs
[    0.000000] PM: Registered nosave memory: [mem 0x00000000-0x00000fff]
[    0.000000] PM: Registered nosave memory: [mem 0x0009f000-0x0009ffff]
[    0.000000] PM: Registered nosave memory: [mem 0x000a0000-0x000effff]
[    0.000000] PM: Registered nosave memory: [mem 0x000f0000-0x000fffff]
[    0.000000] e820: [mem 0x40000000-0xfebfffff] available for PCI devices
[    0.000000] Booting paravirtualized kernel on KVM
[    0.000000] clocksource: refined-jiffies: mask: 0xffffffff max_cycles: 0xffffffff, max_idle_ns: 7645519600211568 ns
[    0.000000] setup_percpu: NR_CPUS:512 nr_cpumask_bits:512 nr_cpu_ids:2 nr_node_ids:1
[    0.000000] PERCPU: Embedded 33 pages/cpu @ffff88003fc00000 s95512 r8192 d31464 u1048576
[    0.000000] Built 1 zonelists in Node order, mobility grouping on.  Total pages: 257912
[    0.000000] Policy zone: DMA32
[    0.000000] Kernel command line: BOOT_IMAGE=/boot/vmlinuz-4.4.0-187-generic root=LABEL=cloudimg-rootfs ro console=tty1 console=ttyS0
[    0.000000] PID hash table entries: 4096 (order: 3, 32768 bytes)
[    0.000000] Memory: 997668K/1048120K available (8636K kernel code, 1337K rwdata, 4040K rodata, 1492K init, 1296K bss, 50452K reserved, 0K cma-reserved)
[    0.000000] SLUB: HWalign=64, Order=0-3, MinObjects=0, CPUs=2, Nodes=1
[    0.000000] Kernel/User page tables isolation: enabled
[    0.000000] Hierarchical RCU implementation.
[    0.000000] 	Build-time adjustment of leaf fanout to 64.
[    0.000000] 	RCU restricting CPUs from NR_CPUS=512 to nr_cpu_ids=2.
[    0.000000] RCU: Adjusting geometry for rcu_fanout_leaf=64, nr_cpu_ids=2
[    0.000000] NR_IRQS:33024 nr_irqs:440 16
[    0.000000] Console: colour VGA+ 80x25
[    0.000000] console [tty1] enabled
[    0.000000] console [ttyS0] enabled
[    0.000000] tsc: Detected 3591.728 MHz processor
[    2.041467] Calibrating delay loop (skipped) preset value.. 7183.45 BogoMIPS (lpj=14366912)
[    2.070176] pid_max: default: 32768 minimum: 301
[    2.083390] ACPI: Core revision 20150930
[    2.095899] ACPI: 2 ACPI AML tables successfully acquired and loaded
[    2.116271] Security Framework initialized
[    2.128947] Yama: becoming mindful.
[    2.140960] AppArmor: AppArmor initialized
[    2.153212] Dentry cache hash table entries: 131072 (order: 8, 1048576 bytes)
[    2.175927] Inode-cache hash table entries: 65536 (order: 7, 524288 bytes)
[    2.196380] Mount-cache hash table entries: 2048 (order: 2, 16384 bytes)
[    2.217200] Mountpoint-cache hash table entries: 2048 (order: 2, 16384 bytes)
[    2.237892] Initializing cgroup subsys io
[    2.250121] Initializing cgroup subsys memory
[    2.262643] Initializing cgroup subsys devices
[    2.279070] Initializing cgroup subsys freezer
[    2.292105] Initializing cgroup subsys net_cls
[    2.305843] Initializing cgroup subsys perf_event
[    2.319273] Initializing cgroup subsys net_prio
[    2.332710] Initializing cgroup subsys hugetlb
[    2.348217] Initializing cgroup subsys pids
[    2.368524] mce: CPU supports 0 MCE banks
[    2.385321] Last level iTLB entries: 4KB 0, 2MB 0, 4MB 0
[    2.399929] Last level dTLB entries: 4KB 0, 2MB 0, 4MB 0, 1GB 0
[    2.416631] Spectre V1 : Mitigation: usercopy/swapgs barriers and __user pointer sanitization
[    2.443398] Spectre V2 : Mitigation: Full generic retpoline
[    2.458257] Spectre V2 : Spectre v2 / SpectreRSB mitigation: Filling RSB on context switch
[    2.482201] Speculative Store Bypass: Vulnerable
[    2.497054] SRBDS: Unknown: Dependent on hypervisor status
[    2.514489] MDS: Vulnerable: Clear CPU buffers attempted, no microcode
[    2.604236] Freeing SMP alternatives memory: 36K
[    2.762596] ftrace: allocating 32337 entries in 127 pages
[    3.758502] smpboot: APIC(0) Converting physical 0 to logical package 0
[    3.777296] smpboot: Max logical packages: 1
[    3.794545] x2apic enabled
[    3.809939] Switched APIC routing to physical x2apic.
[    3.840896] ..TIMER: vector=0x30 apic1=0 pin1=2 apic2=-1 pin2=-1
[    3.967600] smpboot: CPU0: Intel(R) Core(TM) i7-4790 CPU @ 3.60GHz (family: 0x6, model: 0x3c, stepping: 0x3)
[    4.014365] Performance Events: unsupported p6 CPU model 60 no PMU driver, software events only.
[    4.223531] KVM setup paravirtual spinlock
[    4.238005] x86: Booting SMP configuration:
[    4.250860] .... node  #0, CPUs:      #1
[    4.267887] kvm-clock: cpu 1, msr 0:3ffe3041, secondary cpu clock
[    4.290628] mce: CPU supports 0 MCE banks
[    4.299616] x86: Booted up 1 node, 2 CPUs
[    4.315483] smpboot: Total of 2 processors activated (14366.91 BogoMIPS)
[    4.337391] devtmpfs: initialized
[    4.353350] evm: security.selinux
[    4.364802] evm: security.SMACK64
[    4.375741] evm: security.SMACK64EXEC
[    4.387705] evm: security.SMACK64TRANSMUTE
[    4.400498] evm: security.SMACK64MMAP
[    4.413051] evm: security.ima
[    4.423549] evm: security.capability
[    4.435971] clocksource: jiffies: mask: 0xffffffff max_cycles: 0xffffffff, max_idle_ns: 7645041785100000 ns
[    4.463857] futex hash table entries: 512 (order: 3, 32768 bytes)
[    4.481947] pinctrl core: initialized pinctrl subsystem
[    4.498594] RTC time:  8:49:01, date: 08/19/20
[    4.513120] NET: Registered protocol family 16
[    4.537310] cpuidle: using governor ladder
[    4.561980] cpuidle: using governor menu
[    4.581259] PCCT header not found.
[    4.593039] ACPI: bus type PCI registered
[    4.605451] acpiphp: ACPI Hot Plug PCI Controller Driver version: 0.5
[    4.624441] PCI: Using configuration type 1 for base access
[    4.660613] ACPI: Added _OSI(Module Device)
[    4.675894] ACPI: Added _OSI(Processor Device)
[    4.690737] ACPI: Added _OSI(3.0 _SCP Extensions)
[    4.704608] ACPI: Added _OSI(Processor Aggregator Device)
[    4.723434] ACPI: Executed 1 blocks of module-level executable AML code
[    4.750222] ACPI: Interpreter enabled
[    4.764134] ACPI: (supports S0 S5)
[    4.781643] ACPI: Using IOAPIC for interrupt routing
[    4.799354] PCI: Using host bridge windows from ACPI; if necessary, use "pci=nocrs" and report a bug
[    4.848786] ACPI: PCI Root Bridge [PCI0] (domain 0000 [bus 00-ff])
[    4.871821] acpi PNP0A03:00: _OSC: OS supports [ASPM ClockPM Segments MSI]
[    4.894727] acpi PNP0A03:00: _OSC: not requesting OS control; OS requires [ExtendedConfig ASPM ClockPM MSI]
[    4.942509] acpi PNP0A03:00: fail to add MMCONFIG information, can't access extended PCI configuration space under this bridge.
[    4.977921] PCI host bridge to bus 0000:00
[    4.991087] pci_bus 0000:00: root bus resource [io  0x0000-0x0cf7 window]
[    5.010113] pci_bus 0000:00: root bus resource [io  0x0d00-0xffff window]
[    5.029449] pci_bus 0000:00: root bus resource [mem 0x000a0000-0x000bffff window]
[    5.053011] pci_bus 0000:00: root bus resource [mem 0x40000000-0xfdffffff window]
[    5.099624] pci_bus 0000:00: root bus resource [bus 00-ff]
[    5.154458] pci 0000:00:01.1: legacy IDE quirk: reg 0x10: [io  0x01f0-0x01f7]
[    5.174222] pci 0000:00:01.1: legacy IDE quirk: reg 0x14: [io  0x03f6]
[    5.197625] pci 0000:00:01.1: legacy IDE quirk: reg 0x18: [io  0x0170-0x0177]
[    5.374462] pci 0000:00:01.1: legacy IDE quirk: reg 0x1c: [io  0x0376]
[    5.529662] pci 0000:00:07.0: quirk: [io  0x4000-0x403f] claimed by PIIX4 ACPI
[    5.553425] pci 0000:00:07.0: quirk: [io  0x4100-0x410f] claimed by PIIX4 SMB
[    5.617611] ACPI: PCI Interrupt Link [LNKA] (IRQs 5 9 10 *11)
[    5.646021] ACPI: PCI Interrupt Link [LNKB] (IRQs 5 9 *10 11)
[    5.671160] ACPI: PCI Interrupt Link [LNKC] (IRQs 5 *9 10 11)
[    5.696113] ACPI: PCI Interrupt Link [LNKD] (IRQs 5 9 10 *11)
[    5.722743] ACPI: Enabled 2 GPEs in block 00 to 07
[    5.744737] vgaarb: setting as boot device: PCI:0000:00:02.0
[    5.759524] vgaarb: device added: PCI:0000:00:02.0,decodes=io+mem,owns=io+mem,locks=none
[    5.782992] vgaarb: loaded
[    5.796479] vgaarb: bridge control possible 0000:00:02.0
[    5.816563] SCSI subsystem initialized
[    5.834956] ACPI: bus type USB registered
[    5.848119] usbcore: registered new interface driver usbfs
[    5.863933] usbcore: registered new interface driver hub
[    5.879221] usbcore: registered new device driver usb
[    5.896136] PCI: Using ACPI for IRQ routing
[    5.915277] NetLabel: Initializing
[    5.927165] NetLabel:  domain hash size = 128
[    5.941425] NetLabel:  protocols = UNLABELED CIPSOv4
[    5.956583] NetLabel:  unlabeled traffic allowed by default
[    5.979002] amd_nb: Cannot enumerate AMD northbridges
[    5.999421] clocksource: Switched to clocksource kvm-clock
[    6.048840] AppArmor: AppArmor Filesystem Enabled
[    6.063644] pnp: PnP ACPI init
[    6.080481] pnp: PnP ACPI: found 3 devices
[    6.127804] clocksource: acpi_pm: mask: 0xffffff max_cycles: 0xffffff, max_idle_ns: 2085701024 ns
[    6.167615] NET: Registered protocol family 2
[    6.184682] TCP established hash table entries: 8192 (order: 4, 65536 bytes)
[    6.211324] TCP bind hash table entries: 8192 (order: 5, 131072 bytes)
[    6.229633] TCP: Hash tables configured (established 8192 bind 8192)
[    6.247583] UDP hash table entries: 512 (order: 2, 16384 bytes)
[    6.264812] UDP-Lite hash table entries: 512 (order: 2, 16384 bytes)
[    6.287041] NET: Registered protocol family 1
[    6.303906] pci 0000:00:00.0: Limiting direct PCI/PCI transfers
[    6.365824] pci 0000:00:01.0: Activating ISA DMA hang workarounds
[    6.388480] Unpacking initramfs...
[    6.660736] Freeing initrd memory: 14876K
[    6.676496] RAPL PMU detected, API unit is 2^-32 Joules, 4 fixed counters 10737418240 ms ovfl timer
[    6.706122] hw unit of domain pp0-core 2^-0 Joules
[    6.720445] hw unit of domain package 2^-0 Joules
[    6.736366] hw unit of domain dram 2^-0 Joules
[    6.750564] hw unit of domain pp1-gpu 2^-0 Joules
[    6.764793] clocksource: tsc: mask: 0xffffffffffffffff max_cycles: 0x33c5cd33f60, max_idle_ns: 440795356873 ns
[    6.794707] platform rtc_cmos: registered platform RTC device (no PNP device found)
[    6.823275] Scanning for low memory corruption every 60 seconds
[    6.844561] audit: initializing netlink subsys (disabled)
[    6.860686] audit: type=2000 audit(1597826949.378:1): initialized
[    6.876996] Initialise system trusted keyring
[    6.890642] HugeTLB registered 2 MB page size, pre-allocated 0 pages
[    6.908306] zbud: loaded
[    6.917799] VFS: Disk quotas dquot_6.6.0
[    6.929554] VFS: Dquot-cache hash table entries: 512 (order 0, 4096 bytes)
[    6.950997] squashfs: version 4.0 (2009/01/31) Phillip Lougher
[    6.969216] fuse init (API version 7.23)
[    6.981976] Key type big_key registered
[    6.994391] Allocating IMA MOK and blacklist keyrings.
[    7.017311] Key type asymmetric registered
[    7.033259] Asymmetric key parser 'x509' registered
[    7.047784] Block layer SCSI generic (bsg) driver version 0.4 loaded (major 249)
[    7.074449] io scheduler noop registered
[    7.086898] io scheduler deadline registered (default)
[    7.101297] io scheduler cfq registered
[    7.114031] pci_hotplug: PCI Hot Plug PCI Core version: 0.5
[    7.129430] pciehp: PCI Express Hot Plug Controller Driver version: 0.4
[    7.156231] ACPI: AC Adapter [AC] (on-line)
[    7.168873] input: Power Button as /devices/LNXSYSTM:00/LNXPWRBN:00/input/input0
[    7.190602] ACPI: Power Button [PWRF]
[    7.204492] input: Sleep Button as /devices/LNXSYSTM:00/LNXSLPBN:00/input/input1
[    7.237103] ACPI: Sleep Button [SLPF]
[    7.260750] GHES: HEST is not enabled!
[    7.276925] Serial: 8250/16550 driver, 32 ports, IRQ sharing enabled
[    7.330127] 00:02: ttyS0 at I/O 0x3f8 (irq = 4, base_baud = 115200) is a 16550A
[    7.358911] Linux agpgart interface v0.103
[    7.376859] loop: module loaded
[    7.393666] scsi host0: ata_piix
[    7.409856] scsi host1: ata_piix
[    7.421476] ata1: PATA max UDMA/33 cmd 0x1f0 ctl 0x3f6 bmdma 0xd000 irq 14
[    7.448353] ata2: PATA max UDMA/33 cmd 0x170 ctl 0x376 bmdma 0xd008 irq 15
[    7.480502] libphy: Fixed MDIO Bus: probed
[    7.501646] tun: Universal TUN/TAP device driver, 1.6
[    7.516315] tun: (C) 1999-2004 Max Krasnyansky <maxk@qualcomm.com>
[    7.548040] PPP generic driver version 2.4.2
[    7.564640] ehci_hcd: USB 2.0 'Enhanced' Host Controller (EHCI) Driver
[    7.587972] ehci-pci: EHCI PCI platform driver
[    7.612062] ehci-platform: EHCI generic platform driver
[    7.638151] ohci_hcd: USB 1.1 'Open' Host Controller (OHCI) Driver
[    7.669053] ohci-pci: OHCI PCI platform driver
[    7.685448] ohci-platform: OHCI generic platform driver
[    7.701616] uhci_hcd: USB Universal Host Controller Interface driver
[    7.807907] i8042: PNP: PS/2 Controller [PNP0303:PS2K,PNP0f03:PS2M] at 0x60,0x64 irq 1,12
[    7.843827] serio: i8042 KBD port at 0x60,0x64 irq 1
[    7.858087] serio: i8042 AUX port at 0x60,0x64 irq 12
[    7.873424] mousedev: PS/2 mouse device common for all mice
[    7.893978] input: AT Translated Set 2 keyboard as /devices/platform/i8042/serio0/input/input2
[    7.936931] rtc_cmos rtc_cmos: rtc core: registered rtc_cmos as rtc0
[    7.958695] rtc_cmos rtc_cmos: alarms up to one day, 114 bytes nvram
[    7.974872] i2c /dev entries driver
[    7.985948] device-mapper: uevent: version 1.0.3
[    8.004952] device-mapper: ioctl: 4.34.0-ioctl (2015-10-28) initialised: dm-devel@redhat.com
[    8.042118] ledtrig-cpu: registered to indicate activity on CPUs
[    8.073687] NET: Registered protocol family 10
[    8.088860] NET: Registered protocol family 17
[    8.108880] Key type dns_resolver registered
[    8.130662] registered taskstats version 1
[    8.148429] Loading compiled-in X.509 certificates
[    8.168131] Loaded X.509 cert 'Build time autogenerated kernel key: f06b7227f29f55afa9b8968d1b82289d30ebc7c3'
[    8.195389] zswap: loaded using pool lzo/zbud
[    8.215361] Key type trusted registered
[    8.235083] Key type encrypted registered
[    8.247385] AppArmor: AppArmor sha1 policy hashing enabled
[    8.262579] ima: No TPM chip found, activating TPM-bypass!
[    8.277994] ima: Allocated hash algorithm: sha1
[    8.310117] evm: HMAC attrs: 0x1
[    8.324473]   Magic number: 0:76:827
[    8.340278] misc hw_random: hash matches
[    8.353749] rtc_cmos rtc_cmos: setting system clock to 2020-08-19 08:49:05 UTC (1597826945)
[    8.379577] BIOS EDD facility v0.16 2004-Jun-25, 0 devices found
[    8.396592] EDD information not available.
[    8.416079] Freeing unused kernel memory: 1492K
[    8.447770] Write protecting the kernel read-only data: 14336k
[    8.471077] Freeing unused kernel memory: 1592K
[    8.484418] Freeing unused kernel memory: 56K
Loading, please wait...
starting version 229
[    8.588422] random: systemd-udevd: uninitialized urandom read (16 bytes read, 4 bits of entropy available)
[    8.588518] random: udevadm: uninitialized urandom read (16 bytes read, 4 bits of entropy available)
[    8.588548] random: udevadm: uninitialized urandom read (16 bytes read, 4 bits of entropy available)
[    8.617694] random: udevadm: uninitialized urandom read (16 bytes read, 4 bits of entropy available)
[    8.617738] random: udevadm: uninitialized urandom read (16 bytes read, 4 bits of entropy available)
[    8.617852] random: udevadm: uninitialized urandom read (16 bytes read, 4 bits of entropy available)
[    8.617893] random: udevadm: uninitialized urandom read (16 bytes read, 4 bits of entropy available)
[    8.617932] random: udevadm: uninitialized urandom read (16 bytes read, 4 bits of entropy available)
[    8.617975] random: udevadm: uninitialized urandom read (16 bytes read, 4 bits of entropy available)
[    8.618020] random: udevadm: uninitialized urandom read (16 bytes read, 4 bits of entropy available)
[    8.940445] e1000: Intel(R) PRO/1000 Network Driver - version 7.3.21-k8-NAPI
[    8.960979] e1000: Copyright (c) 1999-2006 Intel Corporation.
[    8.998590] Fusion MPT base driver 3.04.20
[    9.011544] Copyright (c) 1999-2008 LSI Corporation
[    9.051128] Fusion MPT SPI Host driver 3.04.20
[    9.079401] AVX2 version of gcm_enc/dec engaged.
[    9.093853] AES CTR mode by8 optimization enabled
[    9.272907] input: ImExPS/2 Generic Explorer Mouse as /devices/platform/i8042/serio1/input/input4
[   10.356114] e1000 0000:00:03.0 eth0: (PCI:33MHz:32-bit) 02:e1:21:9c:b1:d3
[   10.377543] e1000 0000:00:03.0 eth0: Intel(R) PRO/1000 Network Connection
[   10.404216] e1000 0000:00:03.0 enp0s3: renamed from eth0
[   10.420305] mptbase: ioc0: Initiating bringup
[   10.794756] ioc0: LSI53C1030 A0: Capabilities={Initiator}
[   12.848050] scsi host2: ioc0: LSI53C1030 A0, FwRev=00000000h, Ports=1, MaxQ=256, IRQ=20
[   14.720272] scsi 2:0:0:0: Direct-Access     VBOX     HARDDISK         1.0  PQ: 0 ANSI: 5
[   14.750396] scsi target2:0:0: Beginning Domain Validation
[   14.781959] scsi target2:0:0: Domain Validation skipping write tests
[   14.798523] scsi target2:0:0: Ending Domain Validation
[   14.942242] scsi target2:0:0: asynchronous
[   14.957133] scsi 2:0:1:0: Direct-Access     VBOX     HARDDISK         1.0  PQ: 0 ANSI: 5
[   14.979465] scsi target2:0:1: Beginning Domain Validation
[   15.004837] scsi target2:0:1: Domain Validation skipping write tests
[   15.020831] scsi target2:0:1: Ending Domain Validation
[   15.036877] scsi target2:0:1: asynchronous
[   15.072079] sd 2:0:0:0: [sda] 20971520 512-byte logical blocks: (10.7 GB/10.0 GiB)
[   15.072129] sd 2:0:0:0: Attached scsi generic sg0 type 0
[   15.072260] sd 2:0:1:0: Attached scsi generic sg1 type 0
[   15.073128] sd 2:0:1:0: [sdb] 20480 512-byte logical blocks: (10.5 MB/10.0 MiB)
[   15.073877] sd 2:0:1:0: [sdb] Write Protect is off
[   15.074427] sd 2:0:1:0: [sdb] Incomplete mode parameter data
[   15.074428] sd 2:0:1:0: [sdb] Assuming drive cache: write through
[   15.084970] sd 2:0:1:0: [sdb] Attached SCSI disk
[   15.277238] sd 2:0:0:0: [sda] Write Protect is off
[   15.296648] sd 2:0:0:0: [sda] Incomplete mode parameter data
[   15.314265] sd 2:0:0:0: [sda] Assuming drive cache: write through
[   15.341620]  sda: sda1
[   15.355647] sd 2:0:0:0: [sda] Attached SCSI disk
Begin: Loading essential drivers ... [   20.278930] md: linear personality registered for level -1
[   20.300216] md: multipath personality registered for level -4
[   20.321176] md: raid0 personality registered for level 0
[   20.355532] md: raid1 personality registered for level 1
[   20.447575] raid6: sse2x1   gen() 11085 MB/s
[   20.527563] raid6: sse2x1   xor()  8637 MB/s
[   20.607593] raid6: sse2x2   gen() 13045 MB/s
[   20.688183] raid6: sse2x2   xor()  9314 MB/s
[   20.767582] raid6: sse2x4   gen() 16002 MB/s
[   20.847603] raid6: sse2x4   xor()  9659 MB/s
[   20.931570] raid6: avx2x1   gen() 17249 MB/s
[   21.011776] raid6: avx2x2   gen() 21854 MB/s
[   21.095578] raid6: avx2x4   gen() 18145 MB/s
[   21.112620] raid6: using algorithm avx2x2 gen() 21854 MB/s
[   21.127755] raid6: using avx2x2 recovery algorithm
[   21.146539] xor: automatically using best checksumming function:
[   21.203430]    avx       : 27263.000 MB/sec
[   21.221544] async_tx: api initialized (async)
[   21.292266] md: raid6 personality registered for level 6
[   21.308819] md: raid5 personality registered for level 5
[   21.323309] md: raid4 personality registered for level 4
[   21.367984] md: raid10 personality registered for level 10
done.
Begin: Running /scripts/init-premount ... done.
Begin: Mounting root file system ... Begin: Running /scripts/local-top ... done.
Begin: Running /scripts/local-premount ... [   21.513373] Btrfs loaded
Scanning for Btrfs filesystems
done.
Warning: fsck not present, so skipping root file system
[   21.608883] EXT4-fs (sda1): mounted filesystem with ordered data mode. Opts: (null)
done.
Begin: Running /scripts/local-bottom ... done.
Begin: Running /scripts/init-bottom ... done.
[   21.957729] systemd[1]: systemd 229 running in system mode. (+PAM +AUDIT +SELINUX +IMA +APPARMOR +SMACK +SYSVINIT +UTMP +LIBCRYPTSETUP +GCRYPT +GNUTLS +ACL +XZ -LZ4 +SECCOMP +BLKID +ELFUTILS +KMOD -IDN)
[   22.016799] systemd[1]: Detected virtualization oracle.
[   22.033573] systemd[1]: Detected architecture x86-64.

Welcome to [1mUbuntu 16.04.7 LTS[0m!

[   22.065274] systemd[1]: Set hostname to <ubuntu>.
[   22.087307] systemd[1]: Initializing machine ID from random generator.
[   22.107396] systemd[1]: Installed transient /etc/machine-id file.
[   22.434125] systemd[1]: Listening on Journal Socket (/dev/log).
[[0;32m  OK  [0m] Listening on Journal Socket (/dev/log).
[   22.461792] systemd[1]: Listening on Journal Audit Socket.
[[0;32m  OK  [0m] Listening on Journal Audit Socket.
[   22.489715] systemd[1]: Listening on Syslog Socket.
[[0;32m  OK  [0m] Listening on Syslog Socket.
[   22.513978] systemd[1]: Listening on udev Control Socket.
[[0;32m  OK  [0m] Listening on udev Control Socket.
[   22.539272] systemd[1]: Started Trigger resolvconf update for networkd DNS.
[[0;32m  OK  [0m] Started Trigger resolvconf update for networkd DNS.
[   22.571539] systemd[1]: Created slice User and Session Slice.
[[0;32m  OK  [0m] Created slice User and Session Slice.
[   22.597990] systemd[1]: Listening on LVM2 metadata daemon socket.
[[0;32m  OK  [0m] Listening on LVM2 metadata daemon socket.
[   22.627576] systemd[1]: Listening on /dev/initctl Compatibility Named Pipe.
[[0;32m  OK  [0m] Listening on /dev/initctl Compatibility Named Pipe.
[   22.658001] systemd[1]: Listening on udev Kernel Socket.
[[0;32m  OK  [0m] Listening on udev Kernel Socket.
[   22.688972] systemd[1]: Created slice System Slice.
[[0;32m  OK  [0m] Created slice System Slice.
[   22.717906] systemd[1]: Created slice system-serial\x2dgetty.slice.
[[0;32m  OK  [0m] Created slice system-serial\x2dgetty.slice.
[   22.749244] systemd[1]: Reached target Slices.
[[0;32m  OK  [0m] Reached target Slices.
[   22.771910] systemd[1]: Reached target Encrypted Volumes.
[[0;32m  OK  [0m] Reached target Encrypted Volumes.
[   22.797582] systemd[1]: Reached target User and Group Name Lookups.
[[0;32m  OK  [0m] Reached target User and Group Name Lookups.
[   22.855187] systemd[1]: Set up automount Arbitrary Executable File Formats File System Automount Point.
[[0;32m  OK  [0m] Set up automount Arbitrary Executab...ats File System Automount Point.
[   22.973677] systemd[1]: Started Forward Password Requests to Wall Directory Watch.
[[0;32m  OK  [0m] Started Forward Password Requests to Wall Directory Watch.
[   23.049056] systemd[1]: Reached target Swap.
[[0;32m  OK  [0m] Reached target Swap.
[   23.119896] systemd[1]: Reached target System Time Synchronized.
[[0;32m  OK  [0m] Reached target System Time Synchronized.
[   23.181028] systemd[1]: Listening on LVM2 poll daemon socket.
[[0;32m  OK  [0m] Listening on LVM2 poll daemon socket.
[   23.240026] systemd[1]: Listening on Journal Socket.
[[0;32m  OK  [0m] Listening on Journal Socket.
[   23.291892] systemd[1]: Starting Nameserver information manager...
         Starting Nameserver information manager...
[   23.355853] systemd[1]: Starting Load Kernel Modules...
         Starting Load Kernel Modules...
[   23.432602] systemd[1]: Mounting Huge Pages File System...
[   23.470422] random: nonblocking pool is initialized
[   23.507475] Loading iSCSI transport class v2.0-870.
         Mounting Huge Pages File System...
[   23.553919] systemd[1]: Starting Remount Root and Kernel File Systems...
[   23.572590] EXT4-fs (sda1): re-mounted. Opts: (null)
[   23.674720] iscsi: registered transport (tcp)
         Starting Remount Root and Kernel File Systems...
[   23.709874] systemd[1]: Starting Uncomplicated firewall...
         Starting Uncomplicated firewall...
[   23.779763] systemd[1]: Mounting Debug File System...
         Mounting Debug File System...
[   23.835917] systemd[1]: Starting Set console keymap...
         Starting Set console keymap...
[   23.932103] systemd[1]: Starting Create list of required static device nodes for the current kernel...
         Starting Create list of required st... nodes for the current kernel...
[   24.172141] systemd[1]: Starting Journal Service...
         Starting Journal Service...
[   24.340427] systemd[1]: Mounting POSIX Message Queue File System...
         Mounting POSIX Message Queue File System...
[   24.510655] systemd[1]: Listening on Device-mapper event daemon FIFOs.
[   24.530185] iscsi: registered transport (iser)
[[0;32m  OK  [0m] Listening on Device-mapper event daemon FIFOs.
[   24.587813] systemd[1]: Starting Monitoring of LVM2 mirrors, snapshots etc. using dmeventd or progress polling...
         Starting Monitoring of LVM2 mirrors... dmeventd or progress polling...
[   24.642173] systemd[1]: Mounted Debug File System.
[[0;32m  OK  [0m] Mounted Debug File System.
[   24.667877] systemd[1]: Mounted POSIX Message Queue File System.
[[0;32m  OK  [0m] Mounted POSIX Message Queue File System.
[   24.700420] systemd[1]: Mounted Huge Pages File System.
[[0;32m  OK  [0m] Mounted Huge Pages File System.
[   24.748468] systemd[1]: Started Journal Service.
[[0;32m  OK  [0m] Started Journal Service.
[[0;32m  OK  [0m] Started Load Kernel Modules.
[[0;32m  OK  [0m] Started Remount Root and Kernel File Systems.
[[0;32m  OK  [0m] Started Uncomplicated firewall.
[[0;32m  OK  [0m] Started Set console keymap.
[[0;32m  OK  [0m] Started Create list of required sta...ce nodes for the current kernel.
[[0;32m  OK  [0m] Started Nameserver information manager.
[[0;32m  OK  [0m] Started LVM2 metadata daemon.
         Starting Create Static Device Nodes in /dev...
         Starting udev Coldplug all Devices...
         Starting Load/Save Random Seed...
         Starting Apply Kernel Variables...
         Mounting FUSE Control File System...
         Starting Flush Journal to Persistent Storage...
[[0;32m  OK  [0m] Mounted FUSE Control File System.
[[0;32m  OK  [0m] Started Create Static Device Nodes in /dev.
[[0;32m  OK  [0m] Started Load/Save Random Seed.
[[0;32m  OK  [0m] Started Apply Kernel Variables.
         Starting udev Kernel Device Manager...
[[0;32m  OK  [0m] Started Flush Journal to Persistent Storage.
[[0;32m  OK  [0m] Started udev Coldplug all Devices.
[[0;32m  OK  [0m] Started udev Kernel Device Manager.
[[0;32m  OK  [0m] Started Dispatch Password Requests to Console Directory Watch.
[[0;32m  OK  [0m] Started Monitoring of LVM2 mirrors,...ng dmeventd or progress polling.
[[0;32m  OK  [0m] Reached target Local File Systems (Pre).
[[0;32m  OK  [0m] Reached target Local File Systems.
         Starting Initial cloud-init job (pre-networking)...
         Starting Commit a transient machine-id on disk...
         Starting Create Volatile Files and Directories...
         Starting Tell Plymouth To Write Out Runtime Data...
         Starting LSB: AppArmor initialization...
         Starting Set console font and keymap...
[[0;32m  OK  [0m] Started Commit a transient machine-id on disk.
[[0;32m  OK  [0m] Started Create Volatile Files and Directories.
[[0;32m  OK  [0m] Started Tell Plymouth To Write Out Runtime Data.
[[0;32m  OK  [0m] Found device /dev/ttyS0.
         Starting Update UTMP about System Boot/Shutdown...
[[0;32m  OK  [0m] Listening on Load/Save RF Kill Switch Status /dev/rfkill Watch.
[[0;32m  OK  [0m] Started Update UTMP about System Boot/Shutdown.
[[0;32m  OK  [0m] Started LSB: AppArmor initialization.
[   23.239085] cloud-init[494]: Cloud-init v. 20.2-45-g5f7825e2-0ubuntu1~16.04.1 running 'init-local' at Wed, 19 Aug 2020 08:49:24 +0000. Up 22.68 seconds.
[[0;32m  OK  [0m] Started Initial cloud-init job (pre-networking).
[[0;32m  OK  [0m] Reached target Network (Pre).
         Starting Load AppArmor profiles managed internally by snapd...
         Starting Raise network interfaces...
[[0;32m  OK  [0m] Started Load AppArmor profiles managed internally by snapd.
[[0;32m  OK  [0m] Started Raise network interfaces.
[[0;32m  OK  [0m] Reached target Network.
         Starting Initial cloud-init job (metadata service crawler)...
[[0;32m  OK  [0m] Started Set console font and keymap.
[[0;32m  OK  [0m] Created slice system-getty.slice.
[   35.640197] cloud-init[945]: Cloud-init v. 20.2-45-g5f7825e2-0ubuntu1~16.04.1 running 'init' at Wed, 19 Aug 2020 08:49:35 +0000. Up 34.18 seconds.
[   35.702699] cloud-init[945]: ci-info: ++++++++++++++++++++++++++++++++++++++Net device info++++++++++++++++++++++++++++++++++++++
[   35.746651] cloud-init[945]: ci-info: +--------+------+----------------------------+---------------+--------+-------------------+
[[0;32m  OK  [0m] Started Initial cloud-init job (metadata service crawler).
[[0;32m  OK  [0m] Reached target Network is Online.
[   35.902904] cloud-init[945]: ci-info: | Device |  Up  |          Address           |      Mask     | Scope  |     Hw-Address    |
         Starting iSCSI initiator daemon (iscsid)...
[[0;32m  OK  [0m] Reached target Cloud-config availability.
[[0;32m  OK  [0m] Reached target System Initialization.
         Starting Socket activation for snappy daemon.
[   35.945290] cloud-init[945]: ci-info: +--------+------+----------------------------+---------------+--------+-------------------+
[   36.094116] cloud-init[945]: ci-info: | enp0s3 | True |         10.0.2.15          | 255.255.255.0 | global | 02:e1:21:9c:b1:d3 |
[   36.094551] cloud-init[945]: ci-info: | enp0s3 | True | fe80::e1:21ff:fe9c:b1d3/64 |       .       |  link  | 02:e1:21:9c:b1:d3 |
[   36.094598] cloud-init[945]: ci-info: |   lo   | True |         127.0.0.1          |   255.0.0.0   |  host  |         .         |
[[   36.094829] [0;32m  OK  [0m] Started ACPI Events Check.cloud-init
[945]: ci-info: |   lo   | True |          ::1/128           |       .       |  host  |         .         |[[0;32m  OK  [0m] 
[   36.204675] cloud-init[945]: ci-info: +--------+------+----------------------------+---------------+--------+-------------------+
[   36.204764] cloud-init[945]: ci-info: +++++++++++++++++++++++++++Route IPv4 info++++++++++++++++++++++++++++
[   36.204825] cloud-init[945]: ci-info: +-------+-------------+----------+---------------+-----------+-------+
[   36.204908] cloud-init[945]: ci-info: | Route | Destination | Gateway  |    Genmask    | Interface | Flags |
[   36.204967] Reached target Paths.
[[0;32m  OK  [0m] Listening on D-Bus System Message Bus Socket.
[[0;32m  OK  [0m] Started Daily apt download activities.
[[0;32m  OK  [0m] Started Daily apt upgrade and clean activities.
[[0;32m  OK  [0m] Started Message of the Day.
[[0;32m  OK  [0m] Started Daily Cleanup of Temporary Directories.
cloud-init[945]: ci-info: +-------+-------------+----------+---------------+-----------+-------+
[   36.360441] cloud-init         Starting LXD - unix socket.
[[0;32m  OK  [0m] Reached target Timers.
[[0;32m  OK  [0m] Listening on ACPID Listen Socket.
[[0;32m  OK  [0m] Listening on UUID daemon activation socket.
[[0;32m  OK  [0m] Listening on Socket activation for snappy daemon.
[[0;32m  OK  [0m] Listening on LXD - unix socket.
[[0;32m  OK  [0m] Reached target Sockets.
[[0;32m  OK  [0m] Reached target Basic System.
[945]: ci-info: |   0   |   0.0.0.0   | 10.0.2.2 |    0.0.0.0    |   enp0s3  |   UG  |
[   36.490013] [[0;32m  OK  [0m] Started Deferred execution scheduler.
cloud-init[945]: ci-info: |   1   |   10.0.2.0  | 0.0.0.0  | 255.255.255.0 |   enp0s3  |   U   |
[   36.522736] cloud-init[945]: ci-info: +-------+-------------+----------+---------------+-----------+-------+         Starting Login Service...
[[0;32m  OK  [0m] Started FUSE filesystem for LXC.
         Starting Virtualbox guest utils...

[   36.664733] [[0;32m  OK  [0m] Started ACPI event daemon.
         Starting LXD - container startup/shutdown...
cloud-init[945]: ci-info: +++++++++++++++++++Route IPv6 info+++++++++++++++++++
[   36.715583] cloud-init[945]:          Starting Pollinate to seed the pseudo random number generator...
ci-info: +-------+-------------+---------+-----------+-------+
[   36.789820] cloud-init[[0;32m  OK  [0m] Started Regular background program processing daemon.
[945]: ci-info: | Route | Destination | Gateway | Interface | Flags |
         Starting System Logging Service...
[[0;32m  OK  [0m] Started D-Bus System Message Bus.
[   36.866682] cloud-init[945]: ci-info: +-------+-------------+---------+-----------+-------+
[   36.966833] cloud-init[945]: ci-info: |   0   |  fe80::/64  |    ::   |   enp0s3  |   U   |
[   37.081502] cloud-init[945]: ci-info: |   4   |   ff00::/8  |    ::   |   enp0s3  |   U   |
[   37.113097] cloud-init[945]: ci-info: +-------+-------------+---------+-----------+-------+
[   37.138810] cloud-init[945]: Generating public/private rsa key pair.
[   37.181100] cloud-init[945]: Your identification has been saved in /etc/ssh/ssh_host_rsa_key.
[   37.238770] cloud-init[945]: Your public key has been saved in /etc/ssh/ssh_host_rsa_key.pub.
         Starting LSB: Record successful boot for GRUB...
[   37.267311] cloud-init[945]: The key fingerprint is:
         Starting /etc/rc.local Compatibility...
[   37.339690] cloud-init[945]: SHA256:/jBhyzRV+XqnBz4gLb3Ubo79vvDsOvCKfZkztUrPIFE root@ubuntu-xenial
[   37.399754] cloud-init         Starting LSB: MD monitoring daemon...
[945]:          Starting Accounts Service...
The key's randomart image is:
         Starting Snap Daemon...
[[0;32m  OK  [0m] Started System Logging Service.
[   37.473302] cloud-init[945]: +---[RSA 2048]----+
[   37.564577] [[0;32m  OK  [0m] Started /etc/rc.local Compatibility.
[[0;32m  OK  [0m] Started iSCSI initiator daemon (iscsid).
cloud-init[945]: |            ..   |[[0;32m  OK  [0m] Started Login Service.

[   37.733718] [[0;32m  OK  [0m] Started Unattended Upgrades Shutdown.
         Starting Login to default iSCSI targets...
[[0;32m  OK  [0m] Started LXD - container startup/shutdown.
cloud-init[945]: [[0;32m  OK  [0m] Started LSB: Record successful boot for GRUB.
|           ..    |
[   37.985093] [[0;32m  OK  [0m] Started LSB: MD monitoring daemon.
cloud-init[[0;32m  OK  [0m] Started Login to default iSCSI targets.
[[0;32m  OK  [0m] Reached target Remote File Systems (Pre).
[[0;32m  OK  [0m] Reached target Remote File Systems.
         Starting LSB: daemon to balance interrupts for SMP systems...
         Starting LSB: Set the CPU Frequency Scaling governor to "ondemand"...
         Starting Permit User Sessions...
         Starting LSB: automatic crash report generation...
[[0;32m  OK  [0m] Started Permit User Sessions.
         Starting Terminate Plymouth Boot Screen...
         Starting Hold until boot process finishes up...
[[0;32m  OK  [0m] Started Hold until boot process finishes up.
[[0;32m  OK  [0m] Started Getty on tty1.
         Starting Set console scheme...
[[0;32m  OK  [0m] Started Serial Getty on ttyS0.
[[0;32m  OK  [0m] Reached target Login Prompts.
[945]: [[0;32m  OK  [0m|          .  E   |] 
Started Terminate Plymouth Boot Screen.
[   38.486135] cloud-init[945]: |         .  . .  |
[[   38.486432] cloud-init[945]: |        S  + o   |
[   38.497269] cloud-init[945]: |       = +o.B +..|
[   38.497351] cloud-init[945]: |        *  =oX++.|
[   38.497434] cloud-init[945]: |         +o +@&..|
[   38.498134] [0;32m  OK  [0m] Started LSB: daemon to balance interrupts for SMP systems.cloud-init[945]: |         ..o+=X%+|

[[0;32m  OK  [0m] Started LSB: Set the CPU Frequency Scaling governor to "ondemand".
[[0;32m  OK  [0m] Started Set console scheme.
[   38.589295] cloud-init[945]: +----[SHA256]-----+
[   38.744275] cloud-init[945]: Generating public/private dsa key pair.
[   38.789389] cloud-init[945]: Your identification has been saved in /etc/ssh/ssh_host_dsa_key.
         [   38.789571] cloud-init[945]: Your public key has been saved in /etc/ssh/ssh_host_dsa_key.pub.
Starting Authenticate and Authorize Users to Run Privileged Tasks...
[[0;32m  OK  [0m] Started LSB: automatic crash report generation.
[   38.829296] cloud-init[945]: The key fingerprint is:
[   38.934619] cloud-init[945]: SHA256:lQwuZ1kkbsgl+YBStjzMlbj7xTClyFBPG7zkwVCORm8 root@ubuntu-xenial
[   39.001836] cloud-init[945]: The key's randomart image is:[[0;32m  OK  [0m] Started Authenticate and Authorize Users to Run Privileged Tasks.

[[0;32m  OK  [0m] Started Accounts Service.
[[   39.171993] cloud-init[945]: +---[DSA 1024]----+
[   39.198615] cloud-init[945]: |   o*B*o+.o      |
[   39.215046] cloud-init[945]: |  o*oXOO.* .     |
[   39.215138] cloud-init[945]: |   +O=EBB +      |
[   39.215483] cloud-init[945]: |   .+o*=..       |
[   39.215561] cloud-init[945]: |     . +S        |
[   39.215637] cloud-init[945]: |    .   o        |
[   39.215711] cloud-init[945]: |     . .         |
[   39.215783] cloud-init[945]: |      .          |
[   39.215855] cloud-init[945]: |                 |
[   39.215982] cloud-init[945]: +----[SHA256]-----+
[   39.216354] cloud-init[945]: Generating public/private ecdsa key pair.
[   39.216626] cloud-init[945]: Your identification has been saved in /etc/ssh/ssh_host_ecdsa_key.
[   39.216716] cloud-init[945]: Your public key has been saved in /etc/ssh/ssh_host_ecdsa_key.pub.
[   39.216790] cloud-init[945]: The key fingerprint is:
[   39.216861] cloud-init[945]: SHA256:GolCbFH41PnJOL4Gy/b9jzWxKRsYLFJgGcMhgiKOecI root@ubuntu-xenial
[   39.216932] cloud-init[945]: The key's randomart image is:
[   39.217003] cloud-init[945]: +---[ECDSA 256]---+
[   39.217073] cloud-init[945]: |o o+B= .         |
[   39.217144] cloud-init[945]: |+o.++oo          |
[   39.217213] cloud-init[945]: |*.+o  .+ .       |
[   39.217283] cloud-init[945]: |+E. .ooo+        |
[   39.217353] cloud-init[945]: | o. o.+.S   .    |
[   39.217435] cloud-init[945]: |   ....+ o   +   |
[   39.217514] cloud-init[945]: |   . o... o =    |
[   39.217593] cloud-init[945]: |    + o.   * .   |
[   39.218623] cloud-init[945]: |   . o. ..+..    |
[   39.228443] cloud-init[945]: +----[SHA256]-----+
[   39.228554] cloud-init[945]: Generating public/private ed25519 key pair.
[   39.228657] cloud-init[945]: Your identification has been saved in /etc/ssh/ssh_host_ed25519_key.
[   39.228751] cloud-init[945]: Your public key has been saved in /etc/ssh/ssh_host_ed25519_key.pub.
[   39.229045] cloud-init[945]: The key fingerprint is:
[   39.229124] cloud-init[945]: SHA256:Q79wgX6iStWj1c3PMz8bfpAl5VyTnRHymcugoJBnbkI root@ubuntu-xenial
[   39.229197] cloud-init[945]: The key's randomart image is:
[   39.229269] cloud-init[945]: +--[ED25519 256]--+
[   39.229535] cloud-init[945]: |             . o*|
[   39.229620] cloud-init[945]: |      .  .    o+*|
[   39.229723] cloud-init[945]: |     E oo..  . Bo|
[   39.229817] cloud-init[945]: |    . =+.o.+. + =|
[   39.229900] cloud-init[945]: |     ..+S =.o  * |
[   39.229992] cloud-init[945]: |     .o+ B . oo  |
[   39.230073] cloud-init[945]: |    . o   .   =o |
[   39.230154] cloud-init[945]: |   . .        .=o|
[   39.231061] cloud-init[945]: |    .          o=|
[   39.231373] cloud-init[945]: +----[SHA256]-----+
[0;32m  OK  [0m] Started Virtualbox guest utils.
[[0;32m  OK  [0m] Started Pollinate to seed the pseudo random number generator.
         Starting OpenBSD Secure Shell server...
[[0;32m  OK  [0m] Started OpenBSD Secure Shell server.
[[0;32m  OK  [0m] Started Snap Daemon.
         Starting Wait until snapd is fully seeded...
[[0;32m  OK  [0m] Created slice User Slice of vagrant.
         Starting User Manager for UID 1000...
[[0;32m  OK  [0m] Started Session 1 of user vagrant.
[[0;32m  OK  [0m] Started User Manager for UID 1000.
[[0;32m  OK  [0m] Started Wait until snapd is fully seeded.
         Starting Apply the settings specified in cloud-config...
[[0;32m  OK  [0m] Reached target Multi-User System.
[[0;32m  OK  [0m] Reached target Graphical Interface.
         Starting Update UTMP about System Runlevel Changes...
[[0;32m  OK  [0m] Started Update UTMP about System Runlevel Changes.
[   42.893118] cloud-init[1401]: Generating locales (this might take a while)...
         Stopping User Manager for UID 1000...
[   44.417232] cloud-init[1401]:   en_US.UTF-8... done
[   44.425860] cloud-init[1401]: Generation complete.

Ubuntu 16.04.7 LTS ubuntu-xenial ttyS0

ubuntu-xenial login: [   45.048943] cloud-init[1401]: Cloud-init v. 20.2-45-g5f7825e2-0ubuntu1~16.04.1 running 'modules:config' at Wed, 19 Aug 2020 08:49:44 +0000. Up 42.67 seconds.
ci-info: no authorized SSH keys fingerprints found for user ubuntu.
<14>Aug 19 08:49:47 ec2: 
<14>Aug 19 08:49:47 ec2: #############################################################
<14>Aug 19 08:49:47 ec2: -----BEGIN SSH HOST KEY FINGERPRINTS-----
<14>Aug 19 08:49:47 ec2: 1024 SHA256:lQwuZ1kkbsgl+YBStjzMlbj7xTClyFBPG7zkwVCORm8 root@ubuntu-xenial (DSA)
<14>Aug 19 08:49:47 ec2: 256 SHA256:GolCbFH41PnJOL4Gy/b9jzWxKRsYLFJgGcMhgiKOecI root@ubuntu-xenial (ECDSA)
<14>Aug 19 08:49:47 ec2: 256 SHA256:Q79wgX6iStWj1c3PMz8bfpAl5VyTnRHymcugoJBnbkI root@ubuntu-xenial (ED25519)
<14>Aug 19 08:49:47 ec2: 2048 SHA256:/jBhyzRV+XqnBz4gLb3Ubo79vvDsOvCKfZkztUrPIFE root@ubuntu-xenial (RSA)
<14>Aug 19 08:49:47 ec2: -----END SSH HOST KEY FINGERPRINTS-----
<14>Aug 19 08:49:47 ec2: #############################################################
-----BEGIN SSH HOST KEY KEYS-----
ecdsa-sha2-nistp256 AAAAE2VjZHNhLXNoYTItbmlzdHAyNTYAAAAIbmlzdHAyNTYAAABBBDOBmhT/LXtalILa64dicVpmzcMMj0SGt+DeFodZV/CgVK703fvNUB3mHlZhimZicdz46TXzKB3eZn28VlXpdJQ= root@ubuntu-xenial
ssh-ed25519 AAAAC3NzaC1lZDI1NTE5AAAAIKwLH1Sct35VWsFxQjYcrB4p4o2q3lS7u6NS9T4wN46Y root@ubuntu-xenial
ssh-rsa AAAAB3NzaC1yc2EAAAADAQABAAABAQDWVWFHwfY2mrh8GOBH0ktWO6/Y+ARGiq4p4Bm41CT4Oyv3DFUeHR7BvdW6vHq2e9A31ZhSa0+iqDjFnxhOn4DkiCaWt1c+lKX89VPpIyjWTXRLGd3uy2vex8PIwbGKQmiRAdOt86rSv9gJRoG1OWJe6pL8S6+Uj93KBI8LTZBBwlHeA4kTElP0lITYWombniDr8tArjwrgyIHVBCye9qzDm0D7zpsPfW3ZRdTEkoBbXGnfqWIzcuacZkOaY4FzNioJyKC5h3Qjeon/4vXMgUXDOXRWC1rqtpwKoSd4Py0WnnAQDnJe3YyaQBUJEY9j1nTVwLccz2MNYBxcz5W5pf6p root@ubuntu-xenial
-----END SSH HOST KEY KEYS-----
[   45.723411] cloud-init[1631]: Cloud-init v. 20.2-45-g5f7825e2-0ubuntu1~16.04.1 running 'modules:final' at Wed, 19 Aug 2020 08:49:47 +0000. Up 45.51 seconds.
[   45.723654] cloud-init[1631]: ci-info: no authorized SSH keys fingerprints found for user ubuntu.
[   45.723782] cloud-init[1631]: Cloud-init v. 20.2-45-g5f7825e2-0ubuntu1~16.04.1 finished at Wed, 19 Aug 2020 08:49:47 +0000. Datasource DataSourceNoCloud [seed=/dev/sdb][dsmode=net].  Up 45.68 seconds
[[0;32m  OK  [0m] Stopped target Graphical Interface.
[[0;32m  OK  [0m] Closed Load/Save RF Kill Switch Status /dev/rfkill Watch.
         Stopping User Manager for UID 1000...
         Stopping Accounts Service...
         Stopping Session 3 of user vagrant.
         Stopping ACPI event daemon...
         Stopping Authenticate and Authorize Users to Run Privileged Tasks...
[[0;32m  OK  [0m] Stopped target Timers.
[[0;32m  OK  [0m] Stopped Daily apt upgrade and clean activities.
[[0;32m  OK  [0m] Stopped Daily apt download activities.
[[0;32m  OK  [0m] Stopped Daily Cleanup of Temporary Directories.
[[0;32m  OK  [0m] Stopped target Cloud-init target.
[[0;32m  OK  [0m] Stopped Execute cloud user/final scripts.
[[0;32m  OK  [0m] Stopped target Multi-User System.
         Stopping System Logging Service...
         Stopping LSB: automatic crash report generation...
         Stopping LSB: MD monitoring daemon...
         Stopping Deferred execution scheduler...
         Stopping Virtualbox guest utils...
[[0;32m  OK  [0m] Stopped target Login Prompts.
         Stopping Getty on tty1...
         Stopping Serial Getty on ttyS0...
         Stopping OpenBSD Secure Shell server...
         Stopping Unattended Upgrades Shutdown...
         Stopping Regular background program processing daemon...
         Stopping LSB: Record successful boot for GRUB...
         Stopping LXD - container startup/shutdown...
         Stopping LSB: daemon to balance interrupts for SMP systems...
         Stopping D-Bus System Message Bus...
[[0;32m  OK  [0m] Stopped Apply the settings specified in cloud-config.
[[0;32m  OK  [0m] Stopped target Cloud-config availability.
[[0;32m  OK  [0m] Stopped Wait until snapd is fully seeded.
         Stopping FUSE filesystem for LXC...
         Stopping LSB: Set the CPU Frequency Scaling governor to "ondemand"...
[[0;32m  OK  [0m] Stopped Message of the Day.
[[0;32m  OK  [0m] Stopped target System Time Synchronized.
[[0;32m  OK  [0m] Unmounted /var/lib/lxcfs.
[[0;32m  OK  [0m] Stopped Deferred execution scheduler.
[[0;32m  OK  [0m] Stopped ACPI event daemon.
[[0;32m  OK  [0m] Stopped Regular background program processing daemon.
[[0;32m  OK  [0m] Stopped System Logging Service.
[[0;32m  OK  [0m] Stopped Accounts Service.
[[0;32m  OK  [0m] Stopped Unattended Upgrades Shutdown.
[[0;32m  OK  [0m] Stopped Getty on tty1.
[[0;32m  OK  [0m] Stopped Serial Getty on ttyS0.
[[0;32m  OK  [0m] Stopped Authenticate and Authorize Users to Run Privileged Tasks.
[[0;32m  OK  [0m] Stopped OpenBSD Secure Shell server.
[[0;32m  OK  [0m] Stopped User Manager for UID 1000.
[[0;32m  OK  [0m] Stopped Session 3 of user vagrant.
[[0;32m  OK  [0m] Stopped D-Bus System Message Bus.
[[0;32m  OK  [0m] Stopped FUSE filesystem for LXC.
[[0;32m  OK  [0m] Stopped LXD - container startup/shutdown.
[[0;32m  OK  [0m] Stopped LSB: automatic crash report generation.
[[0;32m  OK  [0m] Stopped LSB: MD monitoring daemon.
[[0;32m  OK  [0m] Stopped Virtualbox guest utils.
[[0;32m  OK  [0m] Stopped LSB: Record successful boot for GRUB.
[[0;32m  OK  [0m] Stopped LSB: Set the CPU Frequency Scaling governor to "ondemand".
[[0;32m  OK  [0m] Stopped LSB: daemon to balance interrupts for SMP systems.
[[0;32m  OK  [0m] Stopped User Manager for UID 1000.
[[0;32m  OK  [0m] Removed slice User Slice of vagrant.
[[0;32m  OK  [0m] Removed slice system-serial\x2dgetty.slice.
         Stopping Permit User Sessions...
[[0;32m  OK  [0m] Removed slice system-getty.slice.
[[0;32m  OK  [0m] Stopped /etc/rc.local Compatibility.
         Stopping Login Service...
[[0;32m  OK  [0m] Stopped Permit User Sessions.
[[0;32m  OK  [0m] Stopped target Remote File Systems.
[[0;32m  OK  [0m] Stopped target Remote File Systems (Pre).
         Stopping Login to default iSCSI targets...
[[0;32m  OK  [0m] Stopped Login Service.
[[0;32m  OK  [0m] Stopped Login to default iSCSI targets.
         Stopping iSCSI initiator daemon (iscsid)...
[[0;32m  OK  [0m] Stopped target User and Group Name Lookups.
[[0;32m  OK  [0m] Stopped target Basic System.
[[0;32m  OK  [0m] Stopped target Sockets.
[[0;32m  OK  [0m] Closed LXD - unix socket.
[[0;32m  OK  [0m] Closed Syslog Socket.
[[0;32m  OK  [0m] Closed D-Bus System Message Bus Socket.
[[0;32m  OK  [0m] Closed UUID daemon activation socket.
[[0;32m  OK  [0m] Closed Socket activation for snappy daemon.
[[0;32m  OK  [0m] Closed ACPID Listen Socket.
[[0;32m  OK  [0m] Stopped target Paths.
[[0;32m  OK  [0m] Stopped Forward Password Requests to Wall Directory Watch.
[[0;32m  OK  [0m] Stopped Dispatch Password Requests to Console Directory Watch.
[[0;32m  OK  [0m] Stopped ACPI Events Check.
[[0;32m  OK  [0m] Stopped target System Initialization.
         Stopping Load/Save Random Seed...
[[0;32m  OK  [0m] Stopped target Swap.
[[0;32m  OK  [0m] Stopped Commit a transient machine-id on disk.
[[0;32m  OK  [0m] Stopped Create Volatile Files and Directories.
[[0;32m  OK  [0m] Stopped target Encrypted Volumes.
[[0;32m  OK  [0m] Stopped target Slices.
[[0;32m  OK  [0m] Removed slice User and Session Slice.
[[0;32m  OK  [0m] Stopped iSCSI initiator daemon (iscsid).
[[0;32m  OK  [0m] Stopped Load/Save Random Seed.
[[0;32m  OK  [0m] Stopped target Network is Online.
[[0;32m  OK  [0m] Stopped target Network.
[[0;32m  OK  [0m] Stopped Initial cloud-init job (metadata service crawler).
         Stopping Raise network interfaces...
[[0;32m  OK  [0m] Stopped Raise network interfaces.
[[0;32m  OK  [0m] Stopped target Network (Pre).
[[0;32m  OK  [0m] Stopped Initial cloud-init job (pre-networking).
[[0;32m  OK  [0m] Stopped target Local File Systems.
         Unmounting /vagrant...
         Unmounting /run/user/1000...
[[0;32m  OK  [0m] Stopped Apply Kernel Variables.
[[0;32m  OK  [0m] Stopped Load Kernel Modules.
[[0;32m  OK  [0m] Unmounted /vagrant.
[[0;32m  OK  [0m] Unmounted /run/user/1000.
[[0;32m  OK  [0m] Reached target Unmount All Filesystems.
[[0;32m  OK  [0m] Stopped target Local File Systems (Pre).
[[0;32m  OK  [0m] Stopped Create Static Device Nodes in /dev.
         Stopping Monitoring of LVM2 mirrors... dmeventd or progress polling...
[[0;32m  OK  [0m] Stopped Remount Root and Kernel File Systems.
[[0;32m  OK  [0m] Reached target Shutdown.
[  157.649907] reboot: Power down
